0 info it worked if it ends with ok
1 verbose cli [ 'C:\\Program Files\\nodejs\\\\node.exe',
1 verbose cli   'C:\\Program Files\\nodejs\\node_modules\\npm\\bin\\npm-cli.js',
1 verbose cli   'install',
1 verbose cli   'weinre' ]
2 info using npm@2.11.3
3 info using node@v0.12.7
4 verbose install initial load of C:\Projects\Workspace\simposio\package.json
5 warn package.json simposio@1.0.0 No repository field.
6 warn package.json simposio@1.0.0 No README data
7 warn package.json simposio@1.0.0 No license field.
8 verbose readDependencies loading dependencies from C:\Projects\Workspace\simposio\package.json
9 silly cache add args [ 'weinre', null ]
10 verbose cache add spec weinre
11 silly cache add parsed spec { raw: 'weinre',
11 silly cache add   scope: null,
11 silly cache add   name: 'weinre',
11 silly cache add   rawSpec: '',
11 silly cache add   spec: '*',
11 silly cache add   type: 'range' }
12 silly addNamed weinre@*
13 verbose addNamed "*" is a valid semver range for weinre
14 silly addNameRange { name: 'weinre', range: '*', hasData: false }
15 silly mapToRegistry name weinre
16 silly mapToRegistry using default registry
17 silly mapToRegistry registry https://registry.npmjs.org/
18 silly mapToRegistry uri https://registry.npmjs.org/weinre
19 verbose addNameRange registry:https://registry.npmjs.org/weinre not in flight; fetching
20 verbose request uri https://registry.npmjs.org/weinre
21 verbose request no auth needed
22 info attempt registry request try #1 at 15:22:16
23 verbose request id e9aaf36a0e7a42d6
24 verbose etag "34N2UQKETK3L7FOSSWZ4Y1A21"
25 http request GET https://registry.npmjs.org/weinre
26 http 304 https://registry.npmjs.org/weinre
27 silly get cb [ 304,
27 silly get   { date: 'Thu, 16 Jul 2015 18:22:11 GMT',
27 silly get     via: '1.1 varnish',
27 silly get     'cache-control': 'max-age=60',
27 silly get     etag: '"34N2UQKETK3L7FOSSWZ4Y1A21"',
27 silly get     age: '0',
27 silly get     connection: 'keep-alive',
27 silly get     'x-served-by': 'cache-jfk1024-JFK',
27 silly get     'x-cache': 'HIT',
27 silly get     'x-cache-hits': '2',
27 silly get     'x-timer': 'S1437070931.190072,VS0,VE2',
27 silly get     vary: 'Accept' } ]
28 verbose etag https://registry.npmjs.org/weinre from cache
29 verbose get saving weinre to C:\Users\Elias.Elias-PC\AppData\Roaming\npm-cache\registry.npmjs.org\weinre\.cache.json
30 silly addNameRange number 2 { name: 'weinre', range: '*', hasData: true }
31 silly addNameRange versions [ 'weinre',
31 silly addNameRange   [ '2.0.0-pre-H0WTHDO5-incubating',
31 silly addNameRange     '2.0.0-pre-H1GCS73N-incubating',
31 silly addNameRange     '2.0.0-pre-H3FWTQKQ-incubating',
31 silly addNameRange     '2.0.0-pre-H41DGW8S-incubating',
31 silly addNameRange     '2.0.0-pre-H8EOSCLN-incubating',
31 silly addNameRange     '2.0.0-pre-H9PU2WST-incubating',
31 silly addNameRange     '2.0.0-pre-HA5N9T49',
31 silly addNameRange     '2.0.0-pre-HG9PLCRF',
31 silly addNameRange     '2.0.0-pre-HH0SN197',
31 silly addNameRange     '2.0.0-pre-HYFXM3QM',
31 silly addNameRange     '2.0.0-pre-HZ79PDUK',
31 silly addNameRange     '2.0.0-pre-HZO3BMNG',
31 silly addNameRange     '2.0.0-pre-I0Z7U9OV' ] ]
32 verbose stack Error: No compatible version found: weinre@'*'
32 verbose stack Valid install targets:
32 verbose stack ["2.0.0-pre-H0WTHDO5-incubating","2.0.0-pre-H1GCS73N-incubating","2.0.0-pre-H3FWTQKQ-incubating","2.0.0-pre-H41DGW8S-incubating","2.0.0-pre-H8EOSCLN-incubating","2.0.0-pre-H9PU2WST-incubating","2.0.0-pre-HA5N9T49","2.0.0-pre-HG9PLCRF","2.0.0-pre-HH0SN197","2.0.0-pre-HYFXM3QM","2.0.0-pre-HZ79PDUK","2.0.0-pre-HZO3BMNG","2.0.0-pre-I0Z7U9OV"]
32 verbose stack
32 verbose stack     at installTargetsError (C:\Program Files\nodejs\node_modules\npm\lib\cache\add-named.js:274:12)
32 verbose stack     at next (C:\Program Files\nodejs\node_modules\npm\lib\cache\add-named.js:253:17)
32 verbose stack     at setData (C:\Program Files\nodejs\node_modules\npm\lib\cache\add-named.js:230:5)
32 verbose stack     at RES (C:\Program Files\nodejs\node_modules\npm\node_modules\inflight\inflight.js:23:14)
32 verbose stack     at f (C:\Program Files\nodejs\node_modules\npm\node_modules\once\once.js:17:25)
32 verbose stack     at fixName (C:\Program Files\nodejs\node_modules\npm\lib\cache\add-named.js:29:5)
32 verbose stack     at saved (C:\Program Files\nodejs\node_modules\npm\lib\cache\caching-client.js:173:7)
32 verbose stack     at FSReqWrap.oncomplete (fs.js:95:15)
33 verbose cwd C:\Projects\Workspace\simposio
34 error Windows_NT 6.1.7601
35 error argv "C:\\Program Files\\nodejs\\\\node.exe" "C:\\Program Files\\nodejs\\node_modules\\npm\\bin\\npm-cli.js" "install" "weinre"
36 error node v0.12.7
37 error npm  v2.11.3
38 error code ETARGET
39 error notarget No compatible version found: weinre@'*'
39 error notarget Valid install targets:
39 error notarget ["2.0.0-pre-H0WTHDO5-incubating","2.0.0-pre-H1GCS73N-incubating","2.0.0-pre-H3FWTQKQ-incubating","2.0.0-pre-H41DGW8S-incubating","2.0.0-pre-H8EOSCLN-incubating","2.0.0-pre-H9PU2WST-incubating","2.0.0-pre-HA5N9T49","2.0.0-pre-HG9PLCRF","2.0.0-pre-HH0SN197","2.0.0-pre-HYFXM3QM","2.0.0-pre-HZ79PDUK","2.0.0-pre-HZO3BMNG","2.0.0-pre-I0Z7U9OV"]
39 error notarget
39 error notarget This is most likely not a problem with npm itself.
39 error notarget In most cases you or one of your dependencies are requesting
39 error notarget a package version that doesn't exist.
39 error notarget
39 error notarget It was specified as a dependency of 'simposio'
40 verbose exit [ 1, true ]
